

Processing HomeController#index (for 127.0.0.1 at 2009-06-23 08:22:31) [GET]
  Session ID: 94f9c292bef80940926b0345d783d179
  Parameters: {"action"=>"index", "controller"=>"home"}
Rendering home/index
Completed in 0.00997 (100 reqs/sec) | Rendering: 0.00359 (36%) | DB: 0.00000 (0%) | 200 OK [http://localhost/]


Processing HomeController#index (for 127.0.0.1 at 2009-06-23 08:30:47) [GET]
  Session ID: BAh7BiIKZmxhc2hJQzonQWN0aW9uQ29udHJvbGxlcjo6Rmxhc2g6OkZsYXNo
SGFzaHsABjoKQHVzZWR7AA==--5ed921c14f4aa4d92059681a0c4d9d0641861dba
  Parameters: {"action"=>"index", "controller"=>"home"}
Rendering home/index
Completed in 0.00919 (108 reqs/sec) | Rendering: 0.00292 (31%) | DB: 0.00000 (0%) | 200 OK [http://localhost/]
  [4;36;1mSQL (0.000940)[0m   [0;1m SELECT name
 FROM sqlite_master
 WHERE type = 'table' AND NOT name = 'sqlite_sequence'
[0m
  [4;35;1mSQL (0.000285)[0m   [0mselect sqlite_version(*)[0m
  [4;36;1mSQL (0.045811)[0m   [0;1mCREATE TABLE "schema_migrations" ("version" varchar(255) NOT NULL) [0m
  [4;35;1mSQL (0.017424)[0m   [0mCREATE UNIQUE INDEX "unique_schema_migrations" ON "schema_migrations" ("version")[0m
  [4;36;1mSQL (0.000011)[0m   [0;1m SELECT name
 FROM sqlite_master
 WHERE type = 'table' AND NOT name = 'sqlite_sequence'
[0m
  [4;35;1mSQL (0.000427)[0m   [0mSELECT version FROM schema_migrations[0m
Migrating to CreateLinks (20090623073505)
  [4;36;1mSQL (0.005808)[0m   [0;1mCREATE TABLE "links" ("id" INTEGER PRIMARY KEY AUTOINCREMENT NOT NULL, "url" varchar(255), "processed" boolean, "created_at" datetime, "updated_at" datetime) [0m
  [4;35;1mSQL (0.004214)[0m   [0mINSERT INTO schema_migrations (version) VALUES ('20090623073505')[0m
  [4;36;1mSQL (0.001085)[0m   [0;1m SELECT name
 FROM sqlite_master
 WHERE type = 'table' AND NOT name = 'sqlite_sequence'
[0m
  [4;35;1mSQL (0.000021)[0m   [0mSELECT version FROM schema_migrations[0m
  [4;36;1mSQL (0.000700)[0m   [0;1m SELECT name
 FROM sqlite_master
 WHERE type = 'table' AND NOT name = 'sqlite_sequence'
[0m
  [4;35;1mSQL (0.000113)[0m   [0mPRAGMA index_list("links")[0m


Processing HomeController#index (for 127.0.0.1 at 2009-06-23 08:37:05) [GET]
  Session ID: BAh7BiIKZmxhc2hJQzonQWN0aW9uQ29udHJvbGxlcjo6Rmxhc2g6OkZsYXNo
SGFzaHsABjoKQHVzZWR7AA==--5ed921c14f4aa4d92059681a0c4d9d0641861dba
  Parameters: {"action"=>"index", "controller"=>"home"}
Rendering home/index
Completed in 0.00826 (121 reqs/sec) | Rendering: 0.00229 (27%) | DB: 0.00000 (0%) | 200 OK [http://localhost/]


Processing LinksController#index (for 127.0.0.1 at 2009-06-23 08:37:08) [GET]
  Session ID: BAh7BiIKZmxhc2hJQzonQWN0aW9uQ29udHJvbGxlcjo6Rmxhc2g6OkZsYXNo
SGFzaHsABjoKQHVzZWR7AA==--5ed921c14f4aa4d92059681a0c4d9d0641861dba
  Parameters: {"action"=>"index", "controller"=>"links"}
  [4;36;1mLinks Load (0.001561)[0m   [0;1mSELECT * FROM "links" [0m
Rendering template within layouts/links
Rendering links/index


ActionView::TemplateError (undefined local variable or method `new_links_path' for #<ActionView::Base:0xb7aa2b2c>) on line #22 of links/index.html.erb:
19: 
20: <br />
21: 
22: <%= link_to 'New links', new_links_path %>

    app/views/links/index.html.erb:22:in `_run_erb_47app47views47links47index46html46erb'
    /usr/lib/ruby/gems/1.8/gems/actionpack-2.1.1/lib/action_view/base.rb:342:in `send'
    /usr/lib/ruby/gems/1.8/gems/actionpack-2.1.1/lib/action_view/base.rb:342:in `execute'
    /usr/lib/ruby/gems/1.8/gems/actionpack-2.1.1/lib/action_view/template_handlers/compilable.rb:29:in `send'
    /usr/lib/ruby/gems/1.8/gems/actionpack-2.1.1/lib/action_view/template_handlers/compilable.rb:29:in `render'
    /usr/lib/ruby/gems/1.8/gems/actionpack-2.1.1/lib/action_view/template.rb:35:in `render'
    /usr/lib/ruby/gems/1.8/gems/actionpack-2.1.1/lib/action_view/template.rb:22:in `render_template'
    /usr/lib/ruby/gems/1.8/gems/actionpack-2.1.1/lib/action_view/base.rb:248:in `render_file'
    /usr/lib/ruby/gems/1.8/gems/actionpack-2.1.1/lib/action_controller/base.rb:1112:in `render_for_file'
    /usr/lib/ruby/gems/1.8/gems/actionpack-2.1.1/lib/action_controller/base.rb:869:in `render_with_no_layout'
    /usr/lib/ruby/gems/1.8/gems/actionpack-2.1.1/lib/action_controller/base.rb:884:in `render_with_no_layout'
    /usr/lib/ruby/gems/1.8/gems/actionpack-2.1.1/lib/action_controller/layout.rb:251:in `render_without_benchmark'
    /usr/lib/ruby/gems/1.8/gems/actionpack-2.1.1/lib/action_controller/benchmarking.rb:51:in `render'
    /usr/lib/ruby/gems/1.8/gems/activesupport-2.1.1/lib/active_support/core_ext/benchmark.rb:8:in `realtime'
    /usr/lib/ruby/gems/1.8/gems/actionpack-2.1.1/lib/action_controller/benchmarking.rb:51:in `render'
    /usr/lib/ruby/gems/1.8/gems/actionpack-2.1.1/lib/action_controller/mime_responds.rb:131:in `send'
    /usr/lib/ruby/gems/1.8/gems/actionpack-2.1.1/lib/action_controller/mime_responds.rb:131:in `custom'
    /usr/lib/ruby/gems/1.8/gems/actionpack-2.1.1/lib/action_controller/mime_responds.rb:160:in `call'
    /usr/lib/ruby/gems/1.8/gems/actionpack-2.1.1/lib/action_controller/mime_responds.rb:160:in `respond'
    /usr/lib/ruby/gems/1.8/gems/actionpack-2.1.1/lib/action_controller/mime_responds.rb:154:in `each'
    /usr/lib/ruby/gems/1.8/gems/actionpack-2.1.1/lib/action_controller/mime_responds.rb:154:in `respond'
    /usr/lib/ruby/gems/1.8/gems/actionpack-2.1.1/lib/action_controller/mime_responds.rb:107:in `respond_to'
    app/controllers/links_controller.rb:7:in `index'
    /usr/lib/ruby/gems/1.8/gems/actionpack-2.1.1/lib/action_controller/base.rb:1166:in `send'
    /usr/lib/ruby/gems/1.8/gems/actionpack-2.1.1/lib/action_controller/base.rb:1166:in `perform_action_without_filters'
    /usr/lib/ruby/gems/1.8/gems/actionpack-2.1.1/lib/action_controller/filters.rb:579:in `call_filters'
    /usr/lib/ruby/gems/1.8/gems/actionpack-2.1.1/lib/action_controller/filters.rb:572:in `perform_action_without_benchmark'
    /usr/lib/ruby/gems/1.8/gems/actionpack-2.1.1/lib/action_controller/benchmarking.rb:68:in `perform_action_without_rescue'
    /usr/lib/ruby/1.8/benchmark.rb:293:in `measure'
    /usr/lib/ruby/gems/1.8/gems/actionpack-2.1.1/lib/action_controller/benchmarking.rb:68:in `perform_action_without_rescue'
    /usr/lib/ruby/gems/1.8/gems/actionpack-2.1.1/lib/action_controller/rescue.rb:201:in `perform_action_without_caching'
    /usr/lib/ruby/gems/1.8/gems/actionpack-2.1.1/lib/action_controller/caching/sql_cache.rb:13:in `perform_action'
    /usr/lib/ruby/gems/1.8/gems/activerecord-2.1.1/lib/active_record/connection_adapters/abstract/query_cache.rb:33:in `cache'
    /usr/lib/ruby/gems/1.8/gems/activerecord-2.1.1/lib/active_record/query_cache.rb:8:in `cache'
    /usr/lib/ruby/gems/1.8/gems/actionpack-2.1.1/lib/action_controller/caching/sql_cache.rb:12:in `perform_action'
    /usr/lib/ruby/gems/1.8/gems/actionpack-2.1.1/lib/action_controller/base.rb:529:in `send'
    /usr/lib/ruby/gems/1.8/gems/actionpack-2.1.1/lib/action_controller/base.rb:529:in `process_without_filters'
    /usr/lib/ruby/gems/1.8/gems/actionpack-2.1.1/lib/action_controller/filters.rb:568:in `process_without_session_management_support'
    /usr/lib/ruby/gems/1.8/gems/actionpack-2.1.1/lib/action_controller/session_management.rb:130:in `process'
    /usr/lib/ruby/gems/1.8/gems/actionpack-2.1.1/lib/action_controller/base.rb:389:in `process'
    /usr/lib/ruby/gems/1.8/gems/actionpack-2.1.1/lib/action_controller/dispatcher.rb:149:in `handle_request'
    /usr/lib/ruby/gems/1.8/gems/actionpack-2.1.1/lib/action_controller/dispatcher.rb:107:in `dispatch'
    /usr/lib/ruby/gems/1.8/gems/actionpack-2.1.1/lib/action_controller/dispatcher.rb:104:in `synchronize'
    /usr/lib/ruby/gems/1.8/gems/actionpack-2.1.1/lib/action_controller/dispatcher.rb:104:in `dispatch'
    /usr/lib/ruby/gems/1.8/gems/actionpack-2.1.1/lib/action_controller/dispatcher.rb:120:in `dispatch_cgi'
    /usr/lib/ruby/gems/1.8/gems/actionpack-2.1.1/lib/action_controller/dispatcher.rb:35:in `dispatch'
    /usr/lib/ruby/gems/1.8/gems/rails-2.1.1/lib/webrick_server.rb:112:in `handle_dispatch'
    /usr/lib/ruby/gems/1.8/gems/rails-2.1.1/lib/webrick_server.rb:78:in `service'
    /usr/lib/ruby/1.8/webrick/httpserver.rb:104:in `service'
    /usr/lib/ruby/1.8/webrick/httpserver.rb:65:in `run'
    /usr/lib/ruby/1.8/webrick/server.rb:173:in `start_thread'
    /usr/lib/ruby/1.8/webrick/server.rb:162:in `start'
    /usr/lib/ruby/1.8/webrick/server.rb:162:in `start_thread'
    /usr/lib/ruby/1.8/webrick/server.rb:95:in `start'
    /usr/lib/ruby/1.8/webrick/server.rb:92:in `each'
    /usr/lib/ruby/1.8/webrick/server.rb:92:in `start'
    /usr/lib/ruby/1.8/webrick/server.rb:23:in `start'
    /usr/lib/ruby/1.8/webrick/server.rb:82:in `start'
    /usr/lib/ruby/gems/1.8/gems/rails-2.1.1/lib/webrick_server.rb:62:in `dispatch'
    /usr/lib/ruby/gems/1.8/gems/rails-2.1.1/lib/commands/servers/webrick.rb:66
    /usr/lib/ruby/site_ruby/1.8/rubygems/custom_require.rb:31:in `gem_original_require'
    /usr/lib/ruby/site_ruby/1.8/rubygems/custom_require.rb:31:in `require'
    /usr/lib/ruby/gems/1.8/gems/activesupport-2.1.1/lib/active_support/dependencies.rb:510:in `require'
    /usr/lib/ruby/gems/1.8/gems/activesupport-2.1.1/lib/active_support/dependencies.rb:355:in `new_constants_in'
    /usr/lib/ruby/gems/1.8/gems/activesupport-2.1.1/lib/active_support/dependencies.rb:510:in `require'
    /usr/lib/ruby/gems/1.8/gems/rails-2.1.1/lib/commands/server.rb:39
    /usr/lib/ruby/site_ruby/1.8/rubygems/custom_require.rb:31:in `gem_original_require'
    /usr/lib/ruby/site_ruby/1.8/rubygems/custom_require.rb:31:in `require'
    script/server:3

Rendering /usr/lib/ruby/gems/1.8/gems/actionpack-2.1.1/lib/action_controller/templates/rescues/layout.erb (internal_server_error)


Processing HomeController#index (for 127.0.0.1 at 2009-06-23 08:38:02) [GET]
  Session ID: BAh7BiIKZmxhc2hJQzonQWN0aW9uQ29udHJvbGxlcjo6Rmxhc2g6OkZsYXNo
SGFzaHsABjoKQHVzZWR7AA==--5ed921c14f4aa4d92059681a0c4d9d0641861dba
  Parameters: {"action"=>"index", "controller"=>"home"}
Rendering home/index
Completed in 0.00755 (132 reqs/sec) | Rendering: 0.00139 (18%) | DB: 0.00000 (0%) | 200 OK [http://localhost/]


Processing LinksController#index (for 127.0.0.1 at 2009-06-23 08:38:04) [GET]
  Session ID: BAh7BiIKZmxhc2hJQzonQWN0aW9uQ29udHJvbGxlcjo6Rmxhc2g6OkZsYXNo
SGFzaHsABjoKQHVzZWR7AA==--5ed921c14f4aa4d92059681a0c4d9d0641861dba
  Parameters: {"action"=>"index", "controller"=>"links"}
  [4;36;1mLinks Load (0.000500)[0m   [0;1mSELECT * FROM "links" [0m
Rendering template within layouts/links
Rendering links/index


ActionView::TemplateError (undefined local variable or method `new_links_path' for #<ActionView::Base:0xb7a40d14>) on line #22 of links/index.html.erb:
19: 
20: <br />
21: 
22: <%= link_to 'New links', new_links_path %>

    app/views/links/index.html.erb:22:in `_run_erb_47app47views47links47index46html46erb'
    /usr/lib/ruby/gems/1.8/gems/actionpack-2.1.1/lib/action_view/base.rb:342:in `send'
    /usr/lib/ruby/gems/1.8/gems/actionpack-2.1.1/lib/action_view/base.rb:342:in `execute'
    /usr/lib/ruby/gems/1.8/gems/actionpack-2.1.1/lib/action_view/template_handlers/compilable.rb:29:in `send'
    /usr/lib/ruby/gems/1.8/gems/actionpack-2.1.1/lib/action_view/template_handlers/compilable.rb:29:in `render'
    /usr/lib/ruby/gems/1.8/gems/actionpack-2.1.1/lib/action_view/template.rb:35:in `render'
    /usr/lib/ruby/gems/1.8/gems/actionpack-2.1.1/lib/action_view/template.rb:22:in `render_template'
    /usr/lib/ruby/gems/1.8/gems/actionpack-2.1.1/lib/action_view/base.rb:248:in `render_file'
    /usr/lib/ruby/gems/1.8/gems/actionpack-2.1.1/lib/action_controller/base.rb:1112:in `render_for_file'
    /usr/lib/ruby/gems/1.8/gems/actionpack-2.1.1/lib/action_controller/base.rb:869:in `render_with_no_layout'
    /usr/lib/ruby/gems/1.8/gems/actionpack-2.1.1/lib/action_controller/base.rb:884:in `render_with_no_layout'
    /usr/lib/ruby/gems/1.8/gems/actionpack-2.1.1/lib/action_controller/layout.rb:251:in `render_without_benchmark'
    /usr/lib/ruby/gems/1.8/gems/actionpack-2.1.1/lib/action_controller/benchmarking.rb:51:in `render'
    /usr/lib/ruby/gems/1.8/gems/activesupport-2.1.1/lib/active_support/core_ext/benchmark.rb:8:in `realtime'
    /usr/lib/ruby/gems/1.8/gems/actionpack-2.1.1/lib/action_controller/benchmarking.rb:51:in `render'
    /usr/lib/ruby/gems/1.8/gems/actionpack-2.1.1/lib/action_controller/mime_responds.rb:131:in `send'
    /usr/lib/ruby/gems/1.8/gems/actionpack-2.1.1/lib/action_controller/mime_responds.rb:131:in `custom'
    /usr/lib/ruby/gems/1.8/gems/actionpack-2.1.1/lib/action_controller/mime_responds.rb:160:in `call'
    /usr/lib/ruby/gems/1.8/gems/actionpack-2.1.1/lib/action_controller/mime_responds.rb:160:in `respond'
    /usr/lib/ruby/gems/1.8/gems/actionpack-2.1.1/lib/action_controller/mime_responds.rb:154:in `each'
    /usr/lib/ruby/gems/1.8/gems/actionpack-2.1.1/lib/action_controller/mime_responds.rb:154:in `respond'
    /usr/lib/ruby/gems/1.8/gems/actionpack-2.1.1/lib/action_controller/mime_responds.rb:107:in `respond_to'
    app/controllers/links_controller.rb:7:in `index'
    /usr/lib/ruby/gems/1.8/gems/actionpack-2.1.1/lib/action_controller/base.rb:1166:in `send'
    /usr/lib/ruby/gems/1.8/gems/actionpack-2.1.1/lib/action_controller/base.rb:1166:in `perform_action_without_filters'
    /usr/lib/ruby/gems/1.8/gems/actionpack-2.1.1/lib/action_controller/filters.rb:579:in `call_filters'
    /usr/lib/ruby/gems/1.8/gems/actionpack-2.1.1/lib/action_controller/filters.rb:572:in `perform_action_without_benchmark'
    /usr/lib/ruby/gems/1.8/gems/actionpack-2.1.1/lib/action_controller/benchmarking.rb:68:in `perform_action_without_rescue'
    /usr/lib/ruby/1.8/benchmark.rb:293:in `measure'
    /usr/lib/ruby/gems/1.8/gems/actionpack-2.1.1/lib/action_controller/benchmarking.rb:68:in `perform_action_without_rescue'
    /usr/lib/ruby/gems/1.8/gems/actionpack-2.1.1/lib/action_controller/rescue.rb:201:in `perform_action_without_caching'
    /usr/lib/ruby/gems/1.8/gems/actionpack-2.1.1/lib/action_controller/caching/sql_cache.rb:13:in `perform_action'
    /usr/lib/ruby/gems/1.8/gems/activerecord-2.1.1/lib/active_record/connection_adapters/abstract/query_cache.rb:33:in `cache'
    /usr/lib/ruby/gems/1.8/gems/activerecord-2.1.1/lib/active_record/query_cache.rb:8:in `cache'
    /usr/lib/ruby/gems/1.8/gems/actionpack-2.1.1/lib/action_controller/caching/sql_cache.rb:12:in `perform_action'
    /usr/lib/ruby/gems/1.8/gems/actionpack-2.1.1/lib/action_controller/base.rb:529:in `send'
    /usr/lib/ruby/gems/1.8/gems/actionpack-2.1.1/lib/action_controller/base.rb:529:in `process_without_filters'
    /usr/lib/ruby/gems/1.8/gems/actionpack-2.1.1/lib/action_controller/filters.rb:568:in `process_without_session_management_support'
    /usr/lib/ruby/gems/1.8/gems/actionpack-2.1.1/lib/action_controller/session_management.rb:130:in `process'
    /usr/lib/ruby/gems/1.8/gems/actionpack-2.1.1/lib/action_controller/base.rb:389:in `process'
    /usr/lib/ruby/gems/1.8/gems/actionpack-2.1.1/lib/action_controller/dispatcher.rb:149:in `handle_request'
    /usr/lib/ruby/gems/1.8/gems/actionpack-2.1.1/lib/action_controller/dispatcher.rb:107:in `dispatch'
    /usr/lib/ruby/gems/1.8/gems/actionpack-2.1.1/lib/action_controller/dispatcher.rb:104:in `synchronize'
    /usr/lib/ruby/gems/1.8/gems/actionpack-2.1.1/lib/action_controller/dispatcher.rb:104:in `dispatch'
    /usr/lib/ruby/gems/1.8/gems/actionpack-2.1.1/lib/action_controller/dispatcher.rb:120:in `dispatch_cgi'
    /usr/lib/ruby/gems/1.8/gems/actionpack-2.1.1/lib/action_controller/dispatcher.rb:35:in `dispatch'
    /usr/lib/ruby/gems/1.8/gems/rails-2.1.1/lib/webrick_server.rb:112:in `handle_dispatch'
    /usr/lib/ruby/gems/1.8/gems/rails-2.1.1/lib/webrick_server.rb:78:in `service'
    /usr/lib/ruby/1.8/webrick/httpserver.rb:104:in `service'
    /usr/lib/ruby/1.8/webrick/httpserver.rb:65:in `run'
    /usr/lib/ruby/1.8/webrick/server.rb:173:in `start_thread'
    /usr/lib/ruby/1.8/webrick/server.rb:162:in `start'
    /usr/lib/ruby/1.8/webrick/server.rb:162:in `start_thread'
    /usr/lib/ruby/1.8/webrick/server.rb:95:in `start'
    /usr/lib/ruby/1.8/webrick/server.rb:92:in `each'
    /usr/lib/ruby/1.8/webrick/server.rb:92:in `start'
    /usr/lib/ruby/1.8/webrick/server.rb:23:in `start'
    /usr/lib/ruby/1.8/webrick/server.rb:82:in `start'
    /usr/lib/ruby/gems/1.8/gems/rails-2.1.1/lib/webrick_server.rb:62:in `dispatch'
    /usr/lib/ruby/gems/1.8/gems/rails-2.1.1/lib/commands/servers/webrick.rb:66
    /usr/lib/ruby/site_ruby/1.8/rubygems/custom_require.rb:31:in `gem_original_require'
    /usr/lib/ruby/site_ruby/1.8/rubygems/custom_require.rb:31:in `require'
    /usr/lib/ruby/gems/1.8/gems/activesupport-2.1.1/lib/active_support/dependencies.rb:510:in `require'
    /usr/lib/ruby/gems/1.8/gems/activesupport-2.1.1/lib/active_support/dependencies.rb:355:in `new_constants_in'
    /usr/lib/ruby/gems/1.8/gems/activesupport-2.1.1/lib/active_support/dependencies.rb:510:in `require'
    /usr/lib/ruby/gems/1.8/gems/rails-2.1.1/lib/commands/server.rb:39
    /usr/lib/ruby/site_ruby/1.8/rubygems/custom_require.rb:31:in `gem_original_require'
    /usr/lib/ruby/site_ruby/1.8/rubygems/custom_require.rb:31:in `require'
    script/server:3

Rendering /usr/lib/ruby/gems/1.8/gems/actionpack-2.1.1/lib/action_controller/templates/rescues/layout.erb (internal_server_error)


Processing HomeController#index (for 127.0.0.1 at 2009-06-23 08:40:48) [GET]
  Session ID: BAh7BiIKZmxhc2hJQzonQWN0aW9uQ29udHJvbGxlcjo6Rmxhc2g6OkZsYXNo
SGFzaHsABjoKQHVzZWR7AA==--5ed921c14f4aa4d92059681a0c4d9d0641861dba
  Parameters: {"action"=>"index", "controller"=>"home"}
Rendering home/index
Completed in 0.00775 (129 reqs/sec) | Rendering: 0.00198 (25%) | DB: 0.00000 (0%) | 200 OK [http://localhost/]


Processing LinksController#index (for 127.0.0.1 at 2009-06-23 08:40:51) [GET]
  Session ID: BAh7BiIKZmxhc2hJQzonQWN0aW9uQ29udHJvbGxlcjo6Rmxhc2g6OkZsYXNo
SGFzaHsABjoKQHVzZWR7AA==--5ed921c14f4aa4d92059681a0c4d9d0641861dba
  Parameters: {"action"=>"index", "controller"=>"links"}
  [4;36;1mLinks Load (0.001951)[0m   [0;1mSELECT * FROM "links" [0m
Rendering template within layouts/links
Rendering links/index


ActionView::TemplateError (undefined local variable or method `new_links_path' for #<ActionView::Base:0xb79da76c>) on line #22 of links/index.html.erb:
19: 
20: <br />
21: 
22: <%= link_to 'New links', new_links_path %>

    app/views/links/index.html.erb:22:in `_run_erb_47app47views47links47index46html46erb'
    /usr/lib/ruby/gems/1.8/gems/actionpack-2.1.1/lib/action_view/base.rb:342:in `send'
    /usr/lib/ruby/gems/1.8/gems/actionpack-2.1.1/lib/action_view/base.rb:342:in `execute'
    /usr/lib/ruby/gems/1.8/gems/actionpack-2.1.1/lib/action_view/template_handlers/compilable.rb:29:in `send'
    /usr/lib/ruby/gems/1.8/gems/actionpack-2.1.1/lib/action_view/template_handlers/compilable.rb:29:in `render'
    /usr/lib/ruby/gems/1.8/gems/actionpack-2.1.1/lib/action_view/template.rb:35:in `render'
    /usr/lib/ruby/gems/1.8/gems/actionpack-2.1.1/lib/action_view/template.rb:22:in `render_template'
    /usr/lib/ruby/gems/1.8/gems/actionpack-2.1.1/lib/action_view/base.rb:248:in `render_file'
    /usr/lib/ruby/gems/1.8/gems/actionpack-2.1.1/lib/action_controller/base.rb:1112:in `render_for_file'
    /usr/lib/ruby/gems/1.8/gems/actionpack-2.1.1/lib/action_controller/base.rb:869:in `render_with_no_layout'
    /usr/lib/ruby/gems/1.8/gems/actionpack-2.1.1/lib/action_controller/base.rb:884:in `render_with_no_layout'
    /usr/lib/ruby/gems/1.8/gems/actionpack-2.1.1/lib/action_controller/layout.rb:251:in `render_without_benchmark'
    /usr/lib/ruby/gems/1.8/gems/actionpack-2.1.1/lib/action_controller/benchmarking.rb:51:in `render'
    /usr/lib/ruby/gems/1.8/gems/activesupport-2.1.1/lib/active_support/core_ext/benchmark.rb:8:in `realtime'
    /usr/lib/ruby/gems/1.8/gems/actionpack-2.1.1/lib/action_controller/benchmarking.rb:51:in `render'
    /usr/lib/ruby/gems/1.8/gems/actionpack-2.1.1/lib/action_controller/mime_responds.rb:131:in `send'
    /usr/lib/ruby/gems/1.8/gems/actionpack-2.1.1/lib/action_controller/mime_responds.rb:131:in `custom'
    /usr/lib/ruby/gems/1.8/gems/actionpack-2.1.1/lib/action_controller/mime_responds.rb:160:in `call'
    /usr/lib/ruby/gems/1.8/gems/actionpack-2.1.1/lib/action_controller/mime_responds.rb:160:in `respond'
    /usr/lib/ruby/gems/1.8/gems/actionpack-2.1.1/lib/action_controller/mime_responds.rb:154:in `each'
    /usr/lib/ruby/gems/1.8/gems/actionpack-2.1.1/lib/action_controller/mime_responds.rb:154:in `respond'
    /usr/lib/ruby/gems/1.8/gems/actionpack-2.1.1/lib/action_controller/mime_responds.rb:107:in `respond_to'
    app/controllers/links_controller.rb:7:in `index'
    /usr/lib/ruby/gems/1.8/gems/actionpack-2.1.1/lib/action_controller/base.rb:1166:in `send'
    /usr/lib/ruby/gems/1.8/gems/actionpack-2.1.1/lib/action_controller/base.rb:1166:in `perform_action_without_filters'
    /usr/lib/ruby/gems/1.8/gems/actionpack-2.1.1/lib/action_controller/filters.rb:579:in `call_filters'
    /usr/lib/ruby/gems/1.8/gems/actionpack-2.1.1/lib/action_controller/filters.rb:572:in `perform_action_without_benchmark'
    /usr/lib/ruby/gems/1.8/gems/actionpack-2.1.1/lib/action_controller/benchmarking.rb:68:in `perform_action_without_rescue'
    /usr/lib/ruby/1.8/benchmark.rb:293:in `measure'
    /usr/lib/ruby/gems/1.8/gems/actionpack-2.1.1/lib/action_controller/benchmarking.rb:68:in `perform_action_without_rescue'
    /usr/lib/ruby/gems/1.8/gems/actionpack-2.1.1/lib/action_controller/rescue.rb:201:in `perform_action_without_caching'
    /usr/lib/ruby/gems/1.8/gems/actionpack-2.1.1/lib/action_controller/caching/sql_cache.rb:13:in `perform_action'
    /usr/lib/ruby/gems/1.8/gems/activerecord-2.1.1/lib/active_record/connection_adapters/abstract/query_cache.rb:33:in `cache'
    /usr/lib/ruby/gems/1.8/gems/activerecord-2.1.1/lib/active_record/query_cache.rb:8:in `cache'
    /usr/lib/ruby/gems/1.8/gems/actionpack-2.1.1/lib/action_controller/caching/sql_cache.rb:12:in `perform_action'
    /usr/lib/ruby/gems/1.8/gems/actionpack-2.1.1/lib/action_controller/base.rb:529:in `send'
    /usr/lib/ruby/gems/1.8/gems/actionpack-2.1.1/lib/action_controller/base.rb:529:in `process_without_filters'
    /usr/lib/ruby/gems/1.8/gems/actionpack-2.1.1/lib/action_controller/filters.rb:568:in `process_without_session_management_support'
    /usr/lib/ruby/gems/1.8/gems/actionpack-2.1.1/lib/action_controller/session_management.rb:130:in `process'
    /usr/lib/ruby/gems/1.8/gems/actionpack-2.1.1/lib/action_controller/base.rb:389:in `process'
    /usr/lib/ruby/gems/1.8/gems/actionpack-2.1.1/lib/action_controller/dispatcher.rb:149:in `handle_request'
    /usr/lib/ruby/gems/1.8/gems/actionpack-2.1.1/lib/action_controller/dispatcher.rb:107:in `dispatch'
    /usr/lib/ruby/gems/1.8/gems/actionpack-2.1.1/lib/action_controller/dispatcher.rb:104:in `synchronize'
    /usr/lib/ruby/gems/1.8/gems/actionpack-2.1.1/lib/action_controller/dispatcher.rb:104:in `dispatch'
    /usr/lib/ruby/gems/1.8/gems/actionpack-2.1.1/lib/action_controller/dispatcher.rb:120:in `dispatch_cgi'
    /usr/lib/ruby/gems/1.8/gems/actionpack-2.1.1/lib/action_controller/dispatcher.rb:35:in `dispatch'
    /usr/lib/ruby/gems/1.8/gems/rails-2.1.1/lib/webrick_server.rb:112:in `handle_dispatch'
    /usr/lib/ruby/gems/1.8/gems/rails-2.1.1/lib/webrick_server.rb:78:in `service'
    /usr/lib/ruby/1.8/webrick/httpserver.rb:104:in `service'
    /usr/lib/ruby/1.8/webrick/httpserver.rb:65:in `run'
    /usr/lib/ruby/1.8/webrick/server.rb:173:in `start_thread'
    /usr/lib/ruby/1.8/webrick/server.rb:162:in `start'
    /usr/lib/ruby/1.8/webrick/server.rb:162:in `start_thread'
    /usr/lib/ruby/1.8/webrick/server.rb:95:in `start'
    /usr/lib/ruby/1.8/webrick/server.rb:92:in `each'
    /usr/lib/ruby/1.8/webrick/server.rb:92:in `start'
    /usr/lib/ruby/1.8/webrick/server.rb:23:in `start'
    /usr/lib/ruby/1.8/webrick/server.rb:82:in `start'
    /usr/lib/ruby/gems/1.8/gems/rails-2.1.1/lib/webrick_server.rb:62:in `dispatch'
    /usr/lib/ruby/gems/1.8/gems/rails-2.1.1/lib/commands/servers/webrick.rb:66
    /usr/lib/ruby/site_ruby/1.8/rubygems/custom_require.rb:31:in `gem_original_require'
    /usr/lib/ruby/site_ruby/1.8/rubygems/custom_require.rb:31:in `require'
    /usr/lib/ruby/gems/1.8/gems/activesupport-2.1.1/lib/active_support/dependencies.rb:510:in `require'
    /usr/lib/ruby/gems/1.8/gems/activesupport-2.1.1/lib/active_support/dependencies.rb:355:in `new_constants_in'
    /usr/lib/ruby/gems/1.8/gems/activesupport-2.1.1/lib/active_support/dependencies.rb:510:in `require'
    /usr/lib/ruby/gems/1.8/gems/rails-2.1.1/lib/commands/server.rb:39
    /usr/lib/ruby/site_ruby/1.8/rubygems/custom_require.rb:31:in `gem_original_require'
    /usr/lib/ruby/site_ruby/1.8/rubygems/custom_require.rb:31:in `require'
    script/server:3

Rendering /usr/lib/ruby/gems/1.8/gems/actionpack-2.1.1/lib/action_controller/templates/rescues/layout.erb (internal_server_error)


Processing ApplicationController#index (for 127.0.0.1 at 2009-06-23 08:41:17) [GET]
  Session ID: BAh7BiIKZmxhc2hJQzonQWN0aW9uQ29udHJvbGxlcjo6Rmxhc2g6OkZsYXNo
SGFzaHsABjoKQHVzZWR7AA==--5ed921c14f4aa4d92059681a0c4d9d0641861dba
  Parameters: {}


ActionController::RoutingError (No route matches "/Application-Trace" with {:method=>:get}):
    /usr/lib/ruby/gems/1.8/gems/actionpack-2.1.1/lib/action_controller/routing/recognition_optimisation.rb:67:in `recognize_path'
    /usr/lib/ruby/gems/1.8/gems/actionpack-2.1.1/lib/action_controller/routing/route_set.rb:384:in `recognize'
    /usr/lib/ruby/gems/1.8/gems/actionpack-2.1.1/lib/action_controller/dispatcher.rb:148:in `handle_request'
    /usr/lib/ruby/gems/1.8/gems/actionpack-2.1.1/lib/action_controller/dispatcher.rb:107:in `dispatch'
    /usr/lib/ruby/gems/1.8/gems/actionpack-2.1.1/lib/action_controller/dispatcher.rb:104:in `synchronize'
    /usr/lib/ruby/gems/1.8/gems/actionpack-2.1.1/lib/action_controller/dispatcher.rb:104:in `dispatch'
    /usr/lib/ruby/gems/1.8/gems/actionpack-2.1.1/lib/action_controller/dispatcher.rb:120:in `dispatch_cgi'
    /usr/lib/ruby/gems/1.8/gems/actionpack-2.1.1/lib/action_controller/dispatcher.rb:35:in `dispatch'
    /usr/lib/ruby/gems/1.8/gems/rails-2.1.1/lib/webrick_server.rb:112:in `handle_dispatch'
    /usr/lib/ruby/gems/1.8/gems/rails-2.1.1/lib/webrick_server.rb:78:in `service'
    /usr/lib/ruby/1.8/webrick/httpserver.rb:104:in `service'
    /usr/lib/ruby/1.8/webrick/httpserver.rb:65:in `run'
    /usr/lib/ruby/1.8/webrick/server.rb:173:in `start_thread'
    /usr/lib/ruby/1.8/webrick/server.rb:162:in `start'
    /usr/lib/ruby/1.8/webrick/server.rb:162:in `start_thread'
    /usr/lib/ruby/1.8/webrick/server.rb:95:in `start'
    /usr/lib/ruby/1.8/webrick/server.rb:92:in `each'
    /usr/lib/ruby/1.8/webrick/server.rb:92:in `start'
    /usr/lib/ruby/1.8/webrick/server.rb:23:in `start'
    /usr/lib/ruby/1.8/webrick/server.rb:82:in `start'
    /usr/lib/ruby/gems/1.8/gems/rails-2.1.1/lib/webrick_server.rb:62:in `dispatch'
    /usr/lib/ruby/gems/1.8/gems/rails-2.1.1/lib/commands/servers/webrick.rb:66
    /usr/lib/ruby/site_ruby/1.8/rubygems/custom_require.rb:31:in `gem_original_require'
    /usr/lib/ruby/site_ruby/1.8/rubygems/custom_require.rb:31:in `require'
    /usr/lib/ruby/gems/1.8/gems/activesupport-2.1.1/lib/active_support/dependencies.rb:510:in `require'
    /usr/lib/ruby/gems/1.8/gems/activesupport-2.1.1/lib/active_support/dependencies.rb:355:in `new_constants_in'
    /usr/lib/ruby/gems/1.8/gems/activesupport-2.1.1/lib/active_support/dependencies.rb:510:in `require'
    /usr/lib/ruby/gems/1.8/gems/rails-2.1.1/lib/commands/server.rb:39
    /usr/lib/ruby/site_ruby/1.8/rubygems/custom_require.rb:31:in `gem_original_require'
    /usr/lib/ruby/site_ruby/1.8/rubygems/custom_require.rb:31:in `require'
    script/server:3

Rendering /usr/lib/ruby/gems/1.8/gems/actionpack-2.1.1/lib/action_controller/templates/rescues/layout.erb (not_found)


Processing ApplicationController#index (for 127.0.0.1 at 2009-06-23 08:41:21) [GET]
  Session ID: BAh7BiIKZmxhc2hJQzonQWN0aW9uQ29udHJvbGxlcjo6Rmxhc2g6OkZsYXNo
SGFzaHsABjoKQHVzZWR7AA==--5ed921c14f4aa4d92059681a0c4d9d0641861dba
  Parameters: {}


ActionController::RoutingError (No route matches "/Application-Trace" with {:method=>:get}):
    /usr/lib/ruby/gems/1.8/gems/actionpack-2.1.1/lib/action_controller/routing/recognition_optimisation.rb:67:in `recognize_path'
    /usr/lib/ruby/gems/1.8/gems/actionpack-2.1.1/lib/action_controller/routing/route_set.rb:384:in `recognize'
    /usr/lib/ruby/gems/1.8/gems/actionpack-2.1.1/lib/action_controller/dispatcher.rb:148:in `handle_request'
    /usr/lib/ruby/gems/1.8/gems/actionpack-2.1.1/lib/action_controller/dispatcher.rb:107:in `dispatch'
    /usr/lib/ruby/gems/1.8/gems/actionpack-2.1.1/lib/action_controller/dispatcher.rb:104:in `synchronize'
    /usr/lib/ruby/gems/1.8/gems/actionpack-2.1.1/lib/action_controller/dispatcher.rb:104:in `dispatch'
    /usr/lib/ruby/gems/1.8/gems/actionpack-2.1.1/lib/action_controller/dispatcher.rb:120:in `dispatch_cgi'
    /usr/lib/ruby/gems/1.8/gems/actionpack-2.1.1/lib/action_controller/dispatcher.rb:35:in `dispatch'
    /usr/lib/ruby/gems/1.8/gems/rails-2.1.1/lib/webrick_server.rb:112:in `handle_dispatch'
    /usr/lib/ruby/gems/1.8/gems/rails-2.1.1/lib/webrick_server.rb:78:in `service'
    /usr/lib/ruby/1.8/webrick/httpserver.rb:104:in `service'
    /usr/lib/ruby/1.8/webrick/httpserver.rb:65:in `run'
    /usr/lib/ruby/1.8/webrick/server.rb:173:in `start_thread'
    /usr/lib/ruby/1.8/webrick/server.rb:162:in `start'
    /usr/lib/ruby/1.8/webrick/server.rb:162:in `start_thread'
    /usr/lib/ruby/1.8/webrick/server.rb:95:in `start'
    /usr/lib/ruby/1.8/webrick/server.rb:92:in `each'
    /usr/lib/ruby/1.8/webrick/server.rb:92:in `start'
    /usr/lib/ruby/1.8/webrick/server.rb:23:in `start'
    /usr/lib/ruby/1.8/webrick/server.rb:82:in `start'
    /usr/lib/ruby/gems/1.8/gems/rails-2.1.1/lib/webrick_server.rb:62:in `dispatch'
    /usr/lib/ruby/gems/1.8/gems/rails-2.1.1/lib/commands/servers/webrick.rb:66
    /usr/lib/ruby/site_ruby/1.8/rubygems/custom_require.rb:31:in `gem_original_require'
    /usr/lib/ruby/site_ruby/1.8/rubygems/custom_require.rb:31:in `require'
    /usr/lib/ruby/gems/1.8/gems/activesupport-2.1.1/lib/active_support/dependencies.rb:510:in `require'
    /usr/lib/ruby/gems/1.8/gems/activesupport-2.1.1/lib/active_support/dependencies.rb:355:in `new_constants_in'
    /usr/lib/ruby/gems/1.8/gems/activesupport-2.1.1/lib/active_support/dependencies.rb:510:in `require'
    /usr/lib/ruby/gems/1.8/gems/rails-2.1.1/lib/commands/server.rb:39
    /usr/lib/ruby/site_ruby/1.8/rubygems/custom_require.rb:31:in `gem_original_require'
    /usr/lib/ruby/site_ruby/1.8/rubygems/custom_require.rb:31:in `require'
    script/server:3

Rendering /usr/lib/ruby/gems/1.8/gems/actionpack-2.1.1/lib/action_controller/templates/rescues/layout.erb (not_found)


Processing LinksController#index (for 127.0.0.1 at 2009-06-23 08:41:33) [GET]
  Session ID: BAh7BiIKZmxhc2hJQzonQWN0aW9uQ29udHJvbGxlcjo6Rmxhc2g6OkZsYXNo
SGFzaHsABjoKQHVzZWR7AA==--5ed921c14f4aa4d92059681a0c4d9d0641861dba
  Parameters: {"action"=>"index", "controller"=>"links"}
  [4;35;1mLinks Load (0.002617)[0m   [0mSELECT * FROM "links" [0m
Rendering template within layouts/links
Rendering links/index


ActionView::TemplateError (undefined local variable or method `new_links_path' for #<ActionView::Base:0xb7d3fefc>) on line #22 of links/index.html.erb:
19: 
20: <br />
21: 
22: <%= link_to 'New links', new_links_path %>

    app/views/links/index.html.erb:22:in `_run_erb_47app47views47links47index46html46erb'
    /usr/lib/ruby/gems/1.8/gems/actionpack-2.1.1/lib/action_view/base.rb:342:in `send'
    /usr/lib/ruby/gems/1.8/gems/actionpack-2.1.1/lib/action_view/base.rb:342:in `execute'
    /usr/lib/ruby/gems/1.8/gems/actionpack-2.1.1/lib/action_view/template_handlers/compilable.rb:29:in `send'
    /usr/lib/ruby/gems/1.8/gems/actionpack-2.1.1/lib/action_view/template_handlers/compilable.rb:29:in `render'
    /usr/lib/ruby/gems/1.8/gems/actionpack-2.1.1/lib/action_view/template.rb:35:in `render'
    /usr/lib/ruby/gems/1.8/gems/actionpack-2.1.1/lib/action_view/template.rb:22:in `render_template'
    /usr/lib/ruby/gems/1.8/gems/actionpack-2.1.1/lib/action_view/base.rb:248:in `render_file'
    /usr/lib/ruby/gems/1.8/gems/actionpack-2.1.1/lib/action_controller/base.rb:1112:in `render_for_file'
    /usr/lib/ruby/gems/1.8/gems/actionpack-2.1.1/lib/action_controller/base.rb:869:in `render_with_no_layout'
    /usr/lib/ruby/gems/1.8/gems/actionpack-2.1.1/lib/action_controller/base.rb:884:in `render_with_no_layout'
    /usr/lib/ruby/gems/1.8/gems/actionpack-2.1.1/lib/action_controller/layout.rb:251:in `render_without_benchmark'
    /usr/lib/ruby/gems/1.8/gems/actionpack-2.1.1/lib/action_controller/benchmarking.rb:51:in `render'
    /usr/lib/ruby/gems/1.8/gems/activesupport-2.1.1/lib/active_support/core_ext/benchmark.rb:8:in `realtime'
    /usr/lib/ruby/gems/1.8/gems/actionpack-2.1.1/lib/action_controller/benchmarking.rb:51:in `render'
    /usr/lib/ruby/gems/1.8/gems/actionpack-2.1.1/lib/action_controller/mime_responds.rb:131:in `send'
    /usr/lib/ruby/gems/1.8/gems/actionpack-2.1.1/lib/action_controller/mime_responds.rb:131:in `custom'
    /usr/lib/ruby/gems/1.8/gems/actionpack-2.1.1/lib/action_controller/mime_responds.rb:160:in `call'
    /usr/lib/ruby/gems/1.8/gems/actionpack-2.1.1/lib/action_controller/mime_responds.rb:160:in `respond'
    /usr/lib/ruby/gems/1.8/gems/actionpack-2.1.1/lib/action_controller/mime_responds.rb:154:in `each'
    /usr/lib/ruby/gems/1.8/gems/actionpack-2.1.1/lib/action_controller/mime_responds.rb:154:in `respond'
    /usr/lib/ruby/gems/1.8/gems/actionpack-2.1.1/lib/action_controller/mime_responds.rb:107:in `respond_to'
    app/controllers/links_controller.rb:7:in `index'
    /usr/lib/ruby/gems/1.8/gems/actionpack-2.1.1/lib/action_controller/base.rb:1166:in `send'
    /usr/lib/ruby/gems/1.8/gems/actionpack-2.1.1/lib/action_controller/base.rb:1166:in `perform_action_without_filters'
    /usr/lib/ruby/gems/1.8/gems/actionpack-2.1.1/lib/action_controller/filters.rb:579:in `call_filters'
    /usr/lib/ruby/gems/1.8/gems/actionpack-2.1.1/lib/action_controller/filters.rb:572:in `perform_action_without_benchmark'
    /usr/lib/ruby/gems/1.8/gems/actionpack-2.1.1/lib/action_controller/benchmarking.rb:68:in `perform_action_without_rescue'
    /usr/lib/ruby/1.8/benchmark.rb:293:in `measure'
    /usr/lib/ruby/gems/1.8/gems/actionpack-2.1.1/lib/action_controller/benchmarking.rb:68:in `perform_action_without_rescue'
    /usr/lib/ruby/gems/1.8/gems/actionpack-2.1.1/lib/action_controller/rescue.rb:201:in `perform_action_without_caching'
    /usr/lib/ruby/gems/1.8/gems/actionpack-2.1.1/lib/action_controller/caching/sql_cache.rb:13:in `perform_action'
    /usr/lib/ruby/gems/1.8/gems/activerecord-2.1.1/lib/active_record/connection_adapters/abstract/query_cache.rb:33:in `cache'
    /usr/lib/ruby/gems/1.8/gems/activerecord-2.1.1/lib/active_record/query_cache.rb:8:in `cache'
    /usr/lib/ruby/gems/1.8/gems/actionpack-2.1.1/lib/action_controller/caching/sql_cache.rb:12:in `perform_action'
    /usr/lib/ruby/gems/1.8/gems/actionpack-2.1.1/lib/action_controller/base.rb:529:in `send'
    /usr/lib/ruby/gems/1.8/gems/actionpack-2.1.1/lib/action_controller/base.rb:529:in `process_without_filters'
    /usr/lib/ruby/gems/1.8/gems/actionpack-2.1.1/lib/action_controller/filters.rb:568:in `process_without_session_management_support'
    /usr/lib/ruby/gems/1.8/gems/actionpack-2.1.1/lib/action_controller/session_management.rb:130:in `process'
    /usr/lib/ruby/gems/1.8/gems/actionpack-2.1.1/lib/action_controller/base.rb:389:in `process'
    /usr/lib/ruby/gems/1.8/gems/actionpack-2.1.1/lib/action_controller/dispatcher.rb:149:in `handle_request'
    /usr/lib/ruby/gems/1.8/gems/actionpack-2.1.1/lib/action_controller/dispatcher.rb:107:in `dispatch'
    /usr/lib/ruby/gems/1.8/gems/actionpack-2.1.1/lib/action_controller/dispatcher.rb:104:in `synchronize'
    /usr/lib/ruby/gems/1.8/gems/actionpack-2.1.1/lib/action_controller/dispatcher.rb:104:in `dispatch'
    /usr/lib/ruby/gems/1.8/gems/actionpack-2.1.1/lib/action_controller/dispatcher.rb:120:in `dispatch_cgi'
    /usr/lib/ruby/gems/1.8/gems/actionpack-2.1.1/lib/action_controller/dispatcher.rb:35:in `dispatch'
    /usr/lib/ruby/gems/1.8/gems/rails-2.1.1/lib/webrick_server.rb:112:in `handle_dispatch'
    /usr/lib/ruby/gems/1.8/gems/rails-2.1.1/lib/webrick_server.rb:78:in `service'
    /usr/lib/ruby/1.8/webrick/httpserver.rb:104:in `service'
    /usr/lib/ruby/1.8/webrick/httpserver.rb:65:in `run'
    /usr/lib/ruby/1.8/webrick/server.rb:173:in `start_thread'
    /usr/lib/ruby/1.8/webrick/server.rb:162:in `start'
    /usr/lib/ruby/1.8/webrick/server.rb:162:in `start_thread'
    /usr/lib/ruby/1.8/webrick/server.rb:95:in `start'
    /usr/lib/ruby/1.8/webrick/server.rb:92:in `each'
    /usr/lib/ruby/1.8/webrick/server.rb:92:in `start'
    /usr/lib/ruby/1.8/webrick/server.rb:23:in `start'
    /usr/lib/ruby/1.8/webrick/server.rb:82:in `start'
    /usr/lib/ruby/gems/1.8/gems/rails-2.1.1/lib/webrick_server.rb:62:in `dispatch'
    /usr/lib/ruby/gems/1.8/gems/rails-2.1.1/lib/commands/servers/webrick.rb:66
    /usr/lib/ruby/site_ruby/1.8/rubygems/custom_require.rb:31:in `gem_original_require'
    /usr/lib/ruby/site_ruby/1.8/rubygems/custom_require.rb:31:in `require'
    /usr/lib/ruby/gems/1.8/gems/activesupport-2.1.1/lib/active_support/dependencies.rb:510:in `require'
    /usr/lib/ruby/gems/1.8/gems/activesupport-2.1.1/lib/active_support/dependencies.rb:355:in `new_constants_in'
    /usr/lib/ruby/gems/1.8/gems/activesupport-2.1.1/lib/active_support/dependencies.rb:510:in `require'
    /usr/lib/ruby/gems/1.8/gems/rails-2.1.1/lib/commands/server.rb:39
    /usr/lib/ruby/site_ruby/1.8/rubygems/custom_require.rb:31:in `gem_original_require'
    /usr/lib/ruby/site_ruby/1.8/rubygems/custom_require.rb:31:in `require'
    script/server:3

Rendering /usr/lib/ruby/gems/1.8/gems/actionpack-2.1.1/lib/action_controller/templates/rescues/layout.erb (internal_server_error)
  [4;36;1mSQL (0.001469)[0m   [0;1m SELECT name
 FROM sqlite_master
 WHERE type = 'table' AND NOT name = 'sqlite_sequence'
[0m
  [4;35;1mSQL (0.000453)[0m   [0mSELECT version FROM schema_migrations[0m
Migrating to CreateLinks (20090623073505)
  [4;36;1mSQL (0.000346)[0m   [0;1mselect sqlite_version(*)[0m
  [4;35;1mSQL (0.000640)[0m   [0m SELECT name
 FROM sqlite_master
 WHERE type = 'table' AND NOT name = 'sqlite_sequence'
[0m
  [4;36;1mSQL (0.000106)[0m   [0;1mSELECT version FROM schema_migrations[0m
  [4;35;1mSQL (0.000782)[0m   [0m SELECT name
 FROM sqlite_master
 WHERE type = 'table' AND NOT name = 'sqlite_sequence'
[0m
  [4;36;1mSQL (0.000270)[0m   [0;1mPRAGMA index_list("links")[0m


Processing LinksController#index (for 127.0.0.1 at 2009-06-23 08:45:16) [GET]
  Session ID: BAh7BiIKZmxhc2hJQzonQWN0aW9uQ29udHJvbGxlcjo6Rmxhc2g6OkZsYXNo
SGFzaHsABjoKQHVzZWR7AA==--5ed921c14f4aa4d92059681a0c4d9d0641861dba
  Parameters: {"format"=>"xml", "action"=>"index", "controller"=>"links"}
  [4;36;1mLinks Load (0.001935)[0m   [0;1mSELECT * FROM "links" [0m
Completed in 0.01703 (58 reqs/sec) | Rendering: 0.00008 (0%) | DB: 0.00194 (11%) | 200 OK [http://localhost/links.xml]


Processing LinksController#index (for 127.0.0.1 at 2009-06-23 08:45:29) [GET]
  Session ID: BAh7BiIKZmxhc2hJQzonQWN0aW9uQ29udHJvbGxlcjo6Rmxhc2g6OkZsYXNo
SGFzaHsABjoKQHVzZWR7AA==--5ed921c14f4aa4d92059681a0c4d9d0641861dba
  Parameters: {"format"=>"json", "action"=>"index", "controller"=>"links"}
  [4;35;1mLinks Load (0.001162)[0m   [0mSELECT * FROM "links" [0m
Completed in 0.02191 (45 reqs/sec) | Rendering: 0.00096 (4%) | DB: 0.00116 (5%) | 406 Not Acceptable [http://localhost/links.json]


Processing LinksController#index (for 127.0.0.1 at 2009-06-23 08:45:36) [GET]
  Session ID: BAh7BiIKZmxhc2hJQzonQWN0aW9uQ29udHJvbGxlcjo6Rmxhc2g6OkZsYXNo
SGFzaHsABjoKQHVzZWR7AA==--5ed921c14f4aa4d92059681a0c4d9d0641861dba
  Parameters: {"action"=>"index", "controller"=>"links"}
  [4;36;1mLinks Load (0.000454)[0m   [0;1mSELECT * FROM "links" [0m
Rendering template within layouts/links
Rendering links/index


ActionView::TemplateError (undefined local variable or method `new_links_path' for #<ActionView::Base:0xb78fc91c>) on line #22 of links/index.html.erb:
19: 
20: <br />
21: 
22: <%= link_to 'New links', new_links_path %>

    app/views/links/index.html.erb:22:in `_run_erb_47app47views47links47index46html46erb'
    /usr/lib/ruby/gems/1.8/gems/actionpack-2.1.1/lib/action_view/base.rb:342:in `send'
    /usr/lib/ruby/gems/1.8/gems/actionpack-2.1.1/lib/action_view/base.rb:342:in `execute'
    /usr/lib/ruby/gems/1.8/gems/actionpack-2.1.1/lib/action_view/template_handlers/compilable.rb:29:in `send'
    /usr/lib/ruby/gems/1.8/gems/actionpack-2.1.1/lib/action_view/template_handlers/compilable.rb:29:in `render'
    /usr/lib/ruby/gems/1.8/gems/actionpack-2.1.1/lib/action_view/template.rb:35:in `render'
    /usr/lib/ruby/gems/1.8/gems/actionpack-2.1.1/lib/action_view/template.rb:22:in `render_template'
    /usr/lib/ruby/gems/1.8/gems/actionpack-2.1.1/lib/action_view/base.rb:248:in `render_file'
    /usr/lib/ruby/gems/1.8/gems/actionpack-2.1.1/lib/action_controller/base.rb:1112:in `render_for_file'
    /usr/lib/ruby/gems/1.8/gems/actionpack-2.1.1/lib/action_controller/base.rb:869:in `render_with_no_layout'
    /usr/lib/ruby/gems/1.8/gems/actionpack-2.1.1/lib/action_controller/base.rb:884:in `render_with_no_layout'
    /usr/lib/ruby/gems/1.8/gems/actionpack-2.1.1/lib/action_controller/layout.rb:251:in `render_without_benchmark'
    /usr/lib/ruby/gems/1.8/gems/actionpack-2.1.1/lib/action_controller/benchmarking.rb:51:in `render'
    /usr/lib/ruby/gems/1.8/gems/activesupport-2.1.1/lib/active_support/core_ext/benchmark.rb:8:in `realtime'
    /usr/lib/ruby/gems/1.8/gems/actionpack-2.1.1/lib/action_controller/benchmarking.rb:51:in `render'
    /usr/lib/ruby/gems/1.8/gems/actionpack-2.1.1/lib/action_controller/mime_responds.rb:131:in `send'
    /usr/lib/ruby/gems/1.8/gems/actionpack-2.1.1/lib/action_controller/mime_responds.rb:131:in `custom'
    /usr/lib/ruby/gems/1.8/gems/actionpack-2.1.1/lib/action_controller/mime_responds.rb:160:in `call'
    /usr/lib/ruby/gems/1.8/gems/actionpack-2.1.1/lib/action_controller/mime_responds.rb:160:in `respond'
    /usr/lib/ruby/gems/1.8/gems/actionpack-2.1.1/lib/action_controller/mime_responds.rb:154:in `each'
    /usr/lib/ruby/gems/1.8/gems/actionpack-2.1.1/lib/action_controller/mime_responds.rb:154:in `respond'
    /usr/lib/ruby/gems/1.8/gems/actionpack-2.1.1/lib/action_controller/mime_responds.rb:107:in `respond_to'
    app/controllers/links_controller.rb:7:in `index'
    /usr/lib/ruby/gems/1.8/gems/actionpack-2.1.1/lib/action_controller/base.rb:1166:in `send'
    /usr/lib/ruby/gems/1.8/gems/actionpack-2.1.1/lib/action_controller/base.rb:1166:in `perform_action_without_filters'
    /usr/lib/ruby/gems/1.8/gems/actionpack-2.1.1/lib/action_controller/filters.rb:579:in `call_filters'
    /usr/lib/ruby/gems/1.8/gems/actionpack-2.1.1/lib/action_controller/filters.rb:572:in `perform_action_without_benchmark'
    /usr/lib/ruby/gems/1.8/gems/actionpack-2.1.1/lib/action_controller/benchmarking.rb:68:in `perform_action_without_rescue'
    /usr/lib/ruby/1.8/benchmark.rb:293:in `measure'
    /usr/lib/ruby/gems/1.8/gems/actionpack-2.1.1/lib/action_controller/benchmarking.rb:68:in `perform_action_without_rescue'
    /usr/lib/ruby/gems/1.8/gems/actionpack-2.1.1/lib/action_controller/rescue.rb:201:in `perform_action_without_caching'
    /usr/lib/ruby/gems/1.8/gems/actionpack-2.1.1/lib/action_controller/caching/sql_cache.rb:13:in `perform_action'
    /usr/lib/ruby/gems/1.8/gems/activerecord-2.1.1/lib/active_record/connection_adapters/abstract/query_cache.rb:33:in `cache'
    /usr/lib/ruby/gems/1.8/gems/activerecord-2.1.1/lib/active_record/query_cache.rb:8:in `cache'
    /usr/lib/ruby/gems/1.8/gems/actionpack-2.1.1/lib/action_controller/caching/sql_cache.rb:12:in `perform_action'
    /usr/lib/ruby/gems/1.8/gems/actionpack-2.1.1/lib/action_controller/base.rb:529:in `send'
    /usr/lib/ruby/gems/1.8/gems/actionpack-2.1.1/lib/action_controller/base.rb:529:in `process_without_filters'
    /usr/lib/ruby/gems/1.8/gems/actionpack-2.1.1/lib/action_controller/filters.rb:568:in `process_without_session_management_support'
    /usr/lib/ruby/gems/1.8/gems/actionpack-2.1.1/lib/action_controller/session_management.rb:130:in `process'
    /usr/lib/ruby/gems/1.8/gems/actionpack-2.1.1/lib/action_controller/base.rb:389:in `process'
    /usr/lib/ruby/gems/1.8/gems/actionpack-2.1.1/lib/action_controller/dispatcher.rb:149:in `handle_request'
    /usr/lib/ruby/gems/1.8/gems/actionpack-2.1.1/lib/action_controller/dispatcher.rb:107:in `dispatch'
    /usr/lib/ruby/gems/1.8/gems/actionpack-2.1.1/lib/action_controller/dispatcher.rb:104:in `synchronize'
    /usr/lib/ruby/gems/1.8/gems/actionpack-2.1.1/lib/action_controller/dispatcher.rb:104:in `dispatch'
    /usr/lib/ruby/gems/1.8/gems/actionpack-2.1.1/lib/action_controller/dispatcher.rb:120:in `dispatch_cgi'
    /usr/lib/ruby/gems/1.8/gems/actionpack-2.1.1/lib/action_controller/dispatcher.rb:35:in `dispatch'
    /usr/lib/ruby/gems/1.8/gems/rails-2.1.1/lib/webrick_server.rb:112:in `handle_dispatch'
    /usr/lib/ruby/gems/1.8/gems/rails-2.1.1/lib/webrick_server.rb:78:in `service'
    /usr/lib/ruby/1.8/webrick/httpserver.rb:104:in `service'
    /usr/lib/ruby/1.8/webrick/httpserver.rb:65:in `run'
    /usr/lib/ruby/1.8/webrick/server.rb:173:in `start_thread'
    /usr/lib/ruby/1.8/webrick/server.rb:162:in `start'
    /usr/lib/ruby/1.8/webrick/server.rb:162:in `start_thread'
    /usr/lib/ruby/1.8/webrick/server.rb:95:in `start'
    /usr/lib/ruby/1.8/webrick/server.rb:92:in `each'
    /usr/lib/ruby/1.8/webrick/server.rb:92:in `start'
    /usr/lib/ruby/1.8/webrick/server.rb:23:in `start'
    /usr/lib/ruby/1.8/webrick/server.rb:82:in `start'
    /usr/lib/ruby/gems/1.8/gems/rails-2.1.1/lib/webrick_server.rb:62:in `dispatch'
    /usr/lib/ruby/gems/1.8/gems/rails-2.1.1/lib/commands/servers/webrick.rb:66
    /usr/lib/ruby/site_ruby/1.8/rubygems/custom_require.rb:31:in `gem_original_require'
    /usr/lib/ruby/site_ruby/1.8/rubygems/custom_require.rb:31:in `require'
    /usr/lib/ruby/gems/1.8/gems/activesupport-2.1.1/lib/active_support/dependencies.rb:510:in `require'
    /usr/lib/ruby/gems/1.8/gems/activesupport-2.1.1/lib/active_support/dependencies.rb:355:in `new_constants_in'
    /usr/lib/ruby/gems/1.8/gems/activesupport-2.1.1/lib/active_support/dependencies.rb:510:in `require'
    /usr/lib/ruby/gems/1.8/gems/rails-2.1.1/lib/commands/server.rb:39
    /usr/lib/ruby/site_ruby/1.8/rubygems/custom_require.rb:31:in `gem_original_require'
    /usr/lib/ruby/site_ruby/1.8/rubygems/custom_require.rb:31:in `require'
    script/server:3

Rendering /usr/lib/ruby/gems/1.8/gems/actionpack-2.1.1/lib/action_controller/templates/rescues/layout.erb (internal_server_error)
  [4;36;1mSQL (0.001577)[0m   [0;1m SELECT name
 FROM sqlite_master
 WHERE type = 'table' AND NOT name = 'sqlite_sequence'
[0m
  [4;35;1mSQL (0.000600)[0m   [0mSELECT version FROM schema_migrations[0m
Migrating to CreateLinks (20090623073505)
  [4;36;1mSQL (0.000361)[0m   [0;1mselect sqlite_version(*)[0m
  [4;35;1mSQL (0.000567)[0m   [0m SELECT name
 FROM sqlite_master
 WHERE type = 'table' AND NOT name = 'sqlite_sequence'
[0m
  [4;36;1mSQL (0.000176)[0m   [0;1mSELECT version FROM schema_migrations[0m
  [4;35;1mSQL (0.000663)[0m   [0m SELECT name
 FROM sqlite_master
 WHERE type = 'table' AND NOT name = 'sqlite_sequence'
[0m
  [4;36;1mSQL (0.000215)[0m   [0;1mPRAGMA index_list("links")[0m
